low: 100%  mid: 100%  high: 100%: 'CC OSCAR HOLDING I A/S'
low: 100%  mid: 100%  high: 100%: 'CASA A/S'
low:  50%  mid:  58%  high:  67%: 'CC Oscar Invest ApS'
low:  45%  mid:  56%  high:  67%: 'CATACAP I K/S'
low:   2%  mid:   5%  high:   8%: 'DANICA PENSION, LIVSFORSIKRINGSAKTIESELSKAB'
low:   2%  mid:   5%  high:   8%: 'FORSIKRINGSSELSKABET DANICA, SKADEFORSIKRINGSAKTIESELSKAB AF 1999'
low:   2%  mid:   5%  high:   8%: 'DANSKE BANK A/S'
low:   0%  mid:   1%  high:   2%: 'APMH INVEST A/S'
low:   0%  mid:   1%  high:   2%: 'A.P. MØLLER HOLDING A/S'
low:   0%  mid:   1%  high:   2%: 'A.P. MØLLER OG HUSTRU CHASTINE MC-KINNEY MØLLERS FOND TIL ALMENE FORMAAL'
low:   9%  mid:  13%  high:  17%: 'DANSK VÆKSTKAPITAL K/S'
low:   0%  mid:   0%  high:   1%: 'Velliv, Pension & Livsforsikring A/S'
low:   0%  mid:   0%  high:   1%: 'Velliv Foreningen F.M.B.A.'
low:   6%  mid:  11%  high:  15%: 'VÆKSTFONDEN'
low:   0%  mid:   0%  high:   1%: 'SAMPENSION LIVSFORSIKRING A/S'
low:   0%  mid:   0%  high:   0%: 'KL'
low:   0%  mid:   0%  high:   0%: 'HK/Danmark'
low:   0%  mid:   0%  high:   0%: 'DANSK METALARBEJDERFORBUND'
low:   0%  mid:   0%  high:   0%: 'Offentligt Ansattes Organisationer'
low:   0%  mid:   0%  high:   1%: 'PFA PENSION, FORSIKRINGSAKTIESELSKAB.'
low:   0%  mid:   0%  high:   1%: 'PFA HOLDING A/S'
low:   0%  mid:   0%  high:   0%: 'PFA-FONDEN'
low:   0%  mid:   0%  high:   0%: 'DANSK ARBEJDSGIVERFORENING'
low:   0%  mid:   1%  high:   2%: 'ATP PRIVATE EQUITY K/S'
low:   0%  mid:   1%  high:   2%: 'Arbejdsmarkedets Tillægspension'
low:   5%  mid:   7%  high:  10%: 'ADVEQ EUROPE V LP'
low:   2%  mid:   4%  high:   7%: 'Crown Global Secondaries IV Plc'
low:   2%  mid:   4%  high:   7%: 'Cubera VIII LP'
low:  33%  mid:  42%  high:  50%: 'CASA Management Holding A/S'
low:  16%  mid:  25%  high:  34%: 'M.M. 26 HOLDING A/S'
low:  16%  mid:  25%  high:  34%: 'Michael Antitsch Mortensen'
low:   8%  mid:  12%  high:  16%: 'METRO HOLDING ApS'
low:   8%  mid:  12%  high:  16%: 'Per Christian Hansen'
low:   8%  mid:  12%  high:  16%: 'Rosengreen Horsens Holding ApS'
low:   8%  mid:  12%  high:  16%: 'Peter Kjelgaard Rosengreen'
low:  15%  mid:  18%  high:  20%: 'CASA ManCo ApS'
low:   1%  mid:   1%  high:   2%: 'Eivind Drachmann Kolding'
low:   0%  mid:   1%  high:   1%: 'MYCO ApS'
low:   0%  mid:   1%  high:   1%: 'Vilhelm Eigil Hahn-Petersen'
low:   0%  mid:   1%  high:   1%: 'PROSPERITAS ApS'
low:   0%  mid:   1%  high:   1%: 'Jens Jørgen Hahn-Petersen'
low:   0%  mid:   1%  high:   1%: 'RYTTERGAARD INVEST A/S'
low:   0%  mid:   1%  high:   1%: 'Peter Ryttergaard'
low:   2%  mid:   2%  high:   3%: 'LC-R Invest ApS'
low:   2%  mid:   2%  high:   3%: 'Michael Storgaard'
low: 100%  mid: 100%  high: 100%: 'CASA Projekt A/S'
low:  10%  mid:  12%  high:  15%: 'Lindevangs Alle 8-12 ApS'
low:  50%  mid:  58%  high:  67%: 'OPS Østerbro Skøjtehal A/S'
low: 100%  mid: 100%  high: 100%: 'CASA Skråningen 1 A/S'
low:  50%  mid:  58%  high:  67%: 'Trianglen Aarhus ApS'
low:  50%  mid:  58%  high:  67%: 'FHR 4 ApS'
low:  15%  mid:  18%  high:  20%: 'CC Residential JV K/S'
low:  15%  mid:  18%  high:  20%: 'Campus Aarhus PropCo ApS'
low: 100%  mid: 100%  high: 100%: 'KB Strandgaderne P/S'
low: 100%  mid: 100%  high: 100%: 'CASA Skudehavnen A/S'
low:  50%  mid:  58%  high:  67%: 'Projektudviklingsselskabet Sdr. Ringvej 33A ApS'
low:  15%  mid:  18%  high:  20%: 'General Partner CC JV ApS'
low:  50%  mid:  58%  high:  67%: 'EJENDOMSSELSKABET AF 14. SEPTEMBER 2011 ApS'
low:  50%  mid:  58%  high:  67%: 'Trianglen VII ApS'
low: 100%  mid: 100%  high: 100%: 'CASA Musicon ApS'
low: 100%  mid: 100%  high: 100%: 'Strandgaderne C-F Komplementar ApS'
low:  50%  mid:  58%  high:  67%: 'Vallensbæk Byhave ApS'
low: 100%  mid: 100%  high: 100%: 'CASA Skråningen 2 A/S'
low: 100%  mid: 100%  high: 100%: 'CASA Grønne Eng A/S'
low: 100%  mid: 100%  high: 100%: 'Strandgaderne B ApS'